#
# A fatal error has been detected by the Java Runtime Environment:
#
#  EXCEPTION_ACCESS_VIOLATION (0xc0000005) at pc=0x0000022ab98b49ae, pid=7244, tid=4864
#
# JRE version: OpenJDK Runtime Environment (15.0.2+7) (build 15.0.2+7-27)
# Java VM: OpenJDK 64-Bit Server VM (15.0.2+7-27, mixed mode, tiered, compressed oops, g1 gc, windows-amd64)
# Problematic frame:
# j  Codes.MainDrive.main([Ljava/lang/String;)V+42
#
# No core dump will be written. Minidumps are not enabled by default on client versions of Windows
#
# If you would like to submit a bug report, please visit:
#   https://bugreport.java.com/bugreport/crash.jsp
#

---------------  S U M M A R Y ------------

Command Line: -XX:+ShowCodeDetailsInExceptionMessages -agentlib:jdwp=transport=dt_socket,suspend=y,address=localhost:51736 -javaagent:C:\Users\NePPPlus_008\eclipse\java-2021-03\eclipse\configuration\org.eclipse.osgi\222\0\.cp\lib\javaagent-shaded.jar -Dfile.encoding=UTF-8 Codes.MainDrive

Host: Intel(R) Core(TM) i5-10400 CPU @ 2.90GHz, 12 cores, 15G,  Windows 10 , 64 bit Build 19041 (10.0.19041.1023)
Time: Mon Jul  5 21:45:40 2021 대한민국 표준시 elapsed time: 807.881441 seconds (0d 0h 13m 27s)

---------------  T H R E A D  ---------------

Current thread (0x0000022ab5e603e0):  JavaThread "main" [_thread_in_Java, id=4864, stack(0x0000006534b00000,0x0000006534c00000)]

Stack: [0x0000006534b00000,0x0000006534c00000],  sp=0x0000006534bff658,  free space=1021k
Native frames: (J=compiled Java code, j=interpreted, Vv=VM code, C=native code)
C  0x0000022ab98b49ae


siginfo: EXCEPTION_ACCESS_VIOLATION (0xc0000005), reading address 0x0000022ad69e86d0


Register to memory mapping:

RIP=0x0000022ab98b49ae is at code_begin+78 in an Interpreter codelet
fast_iaccess_0  221 fast_iaccess_0  [0x0000022ab98b4960, 0x0000022ab98b49e0]  128 bytes
RAX=0x0000000712106770 is an oop: [Ljava.lang.String; 
{0x0000000712106770} - klass: 'java/lang/String'[]
 - length: 0
RBX=0x00000000000000dd is an unknown value
RCX=0x0000022ad68986c0 is pointing into metadata
RDX=0x0000000000029ffc is an unknown value
RSP=0x0000006534bff658 is pointing into the stack for thread: 0x0000022ab5e603e0
RBP=0x0000006534bff6b0 is pointing into the stack for thread: 0x0000022ab5e603e0
RSI=0x0000000000000033 is an unknown value
RDI=0x0000000000000458 is an unknown value
R8 =0x0 is NULL
R9 =0x00007ff9e7d31888 VCRUNTIME140.dll
R10=0x00007ff9af063a10 jvm.dll
R11=0x0000006534bff4f0 is pointing into the stack for thread: 0x0000022ab5e603e0
R12=0x0 is NULL
R13=0x0000022ad68985b4 is pointing into metadata
R14=0x0000006534bff6f0 is pointing into the stack for thread: 0x0000022ab5e603e0
R15=0x0000022ab5e603e0 is a thread


Registers:
RAX=0x0000000712106770, RBX=0x00000000000000dd, RCX=0x0000022ad68986c0, RDX=0x0000000000029ffc
RSP=0x0000006534bff658, RBP=0x0000006534bff6b0, RSI=0x0000000000000033, RDI=0x0000000000000458
R8 =0x0000000000000000, R9 =0x00007ff9e7d31888, R10=0x00007ff9af063a10, R11=0x0000006534bff4f0
R12=0x0000000000000000, R13=0x0000022ad68985b4, R14=0x0000006534bff6f0, R15=0x0000022ab5e603e0
RIP=0x0000022ab98b49ae, EFLAGS=0x0000000000010206

Top of Stack: (sp=0x0000006534bff658)
0x0000006534bff658:   0000000711e7b790 0000000000000000
0x0000006534bff668:   0000006534bff668 0000022ad689856a
0x0000006534bff678:   0000006534bff6f0 0000022ad68986c0
0x0000006534bff688:   0000000000000000 00000007121064c8
0x0000006534bff698:   0000022ad6898628 0000000000000000
0x0000006534bff6a8:   0000006534bff6f0 0000006534bff8d0
0x0000006534bff6b8:   0000022ab9880f90 0000000000000000
0x0000006534bff6c8:   0000000000000000 0000000711e7b790
0x0000006534bff6d8:   000000000000007b 0000000712129740
0x0000006534bff6e8:   0000000712106780 0000000712106770
0x0000006534bff6f8:   0000022a00000000 0000000000000040
0x0000006534bff708:   0000022a00000000 0000006534bff840
0x0000006534bff718:   00007ff9ae83b0e2 00000002b3ba0308
0x0000006534bff728:   000000071203e300 00000000000001a0
0x0000006534bff738:   0000022ab3ba0cc0 0000000000000000
0x0000006534bff748:   0000000000000000 0000000000000000 

Instructions: (pc=0x0000022ab98b49ae)
0x0000022ab98b48ae:   00 00 00 00 00 00 00 00 00 00 00 00 00 00 00 00
0x0000022ab98b48be:   00 00 80 00 00 00 00 00 00 00 20 31 e0 ae f9 7f
0x0000022ab98b48ce:   00 00 dc 00 00 00 00 00 00 00 00 00 00 00 00 00
0x0000022ab98b48de:   00 00 50 e9 39 00 00 00 48 83 ec 08 c5 fa 11 04
0x0000022ab98b48ee:   24 e9 2b 00 00 00 48 83 ec 10 c5 fb 11 04 24 e9
0x0000022ab98b48fe:   1d 00 00 00 48 83 ec 10 48 89 04 24 49 ba 00 00
0x0000022ab98b490e:   00 00 00 00 00 00 4c 89 54 24 08 e9 01 00 00 00
0x0000022ab98b491e:   50 49 8b 06 41 0f b6 5d 01 49 ff c5 49 ba 10 32
0x0000022ab98b492e:   06 af f9 7f 00 00 41 ff 24 da 00 00 00 00 00 00
0x0000022ab98b493e:   00 00 a0 00 00 00 00 00 00 00 38 31 e0 ae f9 7f
0x0000022ab98b494e:   00 00 dd 00 00 00 00 00 00 00 00 00 00 00 00 00
0x0000022ab98b495e:   00 00 50 e9 39 00 00 00 48 83 ec 08 c5 fa 11 04
0x0000022ab98b496e:   24 e9 2b 00 00 00 48 83 ec 10 c5 fb 11 04 24 e9
0x0000022ab98b497e:   1d 00 00 00 48 83 ec 10 48 89 04 24 49 ba 00 00
0x0000022ab98b498e:   00 00 00 00 00 00 4c 89 54 24 08 e9 01 00 00 00
0x0000022ab98b499e:   50 49 8b 06 41 0f b7 55 02 48 8b 4d d0 c1 e2 02
0x0000022ab98b49ae:   48 8b 5c d1 30 49 ff c5 48 3b 00 8b 04 18 49 ff
0x0000022ab98b49be:   cd 41 0f b6 5d 04 49 83 c5 04 49 ba 10 12 06 af
0x0000022ab98b49ce:   f9 7f 00 00 41 ff 24 da 66 90 00 00 00 00 00 00
0x0000022ab98b49de:   00 00 a0 00 00 00 00 00 00 00 48 31 e0 ae f9 7f
0x0000022ab98b49ee:   00 00 de 00 00 00 00 00 00 00 00 00 00 00 00 00
0x0000022ab98b49fe:   00 00 50 e9 39 00 00 00 48 83 ec 08 c5 fa 11 04
0x0000022ab98b4a0e:   24 e9 2b 00 00 00 48 83 ec 10 c5 fb 11 04 24 e9
0x0000022ab98b4a1e:   1d 00 00 00 48 83 ec 10 48 89 04 24 49 ba 00 00
0x0000022ab98b4a2e:   00 00 00 00 00 00 4c 89 54 24 08 e9 01 00 00 00
0x0000022ab98b4a3e:   50 49 8b 06 41 0f b7 55 02 48 8b 4d d0 c1 e2 02
0x0000022ab98b4a4e:   48 8b 5c d1 30 49 ff c5 48 3b 00 8b 04 18 48 c1
0x0000022ab98b4a5e:   e0 03 49 ff cd 41 0f b6 5d 04 49 83 c5 04 49 ba
0x0000022ab98b4a6e:   10 32 06 af f9 7f 00 00 41 ff 24 da 66 0f 1f 44
0x0000022ab98b4a7e:   00 00 a0 00 00 00 00 00 00 00 58 31 e0 ae f9 7f
0x0000022ab98b4a8e:   00 00 df 00 00 00 00 00 00 00 00 00 00 00 00 00
0x0000022ab98b4a9e:   00 00 50 e9 39 00 00 00 48 83 ec 08 c5 fa 11 04 


Stack slot to memory mapping:
stack at sp + 0 slots: 0x0000000711e7b790 is an oop: [I 
{0x0000000711e7b790} - klass: {type array int}
 - length: 3
stack at sp + 1 slots: 0x0 is NULL
stack at sp + 2 slots: 0x0000006534bff668 is pointing into the stack for thread: 0x0000022ab5e603e0
stack at sp + 3 slots: 0x0000022ad689856a is pointing into metadata
stack at sp + 4 slots: 0x0000006534bff6f0 is pointing into the stack for thread: 0x0000022ab5e603e0
stack at sp + 5 slots: 0x0000022ad68986c0 is pointing into metadata
stack at sp + 6 slots: 0x0 is NULL
stack at sp + 7 slots: 0x00000007121064c8 is an oop: java.lang.Class 
{0x00000007121064c8} - klass: 'java/lang/Class'

fast_iaccess_0  221 fast_iaccess_0  [0x0000022ab98b4960, 0x0000022ab98b49e0]  128 bytes
[MachCode]
  0x0000022ab98b4960: 50e9 3900 | 0000 4883 | ec08 c5fa | 1104 24e9 | 2b00 0000 | 4883 ec10 | c5fb 1104 | 24e9 1d00 
  0x0000022ab98b4980: 0000 4883 | ec10 4889 | 0424 49ba | 0000 0000 | 0000 0000 | 4c89 5424 | 08e9 0100 | 0000 5049 
  0x0000022ab98b49a0: 8b06 410f | b755 0248 | 8b4d d0c1 | e202 488b | 5cd1 3049 | ffc5 483b | 008b 0418 | 49ff cd41 
  0x0000022ab98b49c0: 0fb6 5d04 | 4983 c504 | 49ba 1012 | 06af f97f | 0000 41ff | 24da 6690 | 0000 0000 | 0000 0000 
[/MachCode]

---------------  P R O C E S S  ---------------

Threads class SMR info:
_java_thread_list=0x0000022ad612ed90, length=14, elements={
0x0000022ab5e603e0, 0x0000022ad5977020, 0x0000022ad5978270, 0x0000022ad5994000,
0x0000022ad59968d0, 0x0000022ad5997a30, 0x0000022ad5998fb0, 0x0000022ad59da3a0,
0x0000022ad59e3270, 0x0000022ad5aaab20, 0x0000022ad60b22d0, 0x0000022ad60b2d90,
0x0000022ad60b3470, 0x0000022ad6132460
}

Java Threads: ( => current thread )
=>0x0000022ab5e603e0 JavaThread "main" [_thread_in_Java, id=4864, stack(0x0000006534b00000,0x0000006534c00000)]
  0x0000022ad5977020 JavaThread "Reference Handler" daemon [_thread_blocked, id=7632, stack(0x0000006535200000,0x0000006535300000)]
  0x0000022ad5978270 JavaThread "Finalizer" daemon [_thread_blocked, id=1448, stack(0x0000006535300000,0x0000006535400000)]
  0x0000022ad5994000 JavaThread "Signal Dispatcher" daemon [_thread_blocked, id=1488, stack(0x0000006535400000,0x0000006535500000)]
  0x0000022ad59968d0 JavaThread "Attach Listener" daemon [_thread_blocked, id=2632, stack(0x0000006535500000,0x0000006535600000)]
  0x0000022ad5997a30 JavaThread "Service Thread" daemon [_thread_blocked, id=1496, stack(0x0000006535600000,0x0000006535700000)]
  0x0000022ad5998fb0 JavaThread "C2 CompilerThread0" daemon [_thread_blocked, id=1700, stack(0x0000006535700000,0x0000006535800000)]
  0x0000022ad59da3a0 JavaThread "C1 CompilerThread0" daemon [_thread_blocked, id=6152, stack(0x0000006535800000,0x0000006535900000)]
  0x0000022ad59e3270 JavaThread "Sweeper thread" daemon [_thread_blocked, id=11884, stack(0x0000006535900000,0x0000006535a00000)]
  0x0000022ad5aaab20 JavaThread "Common-Cleaner" daemon [_thread_blocked, id=7636, stack(0x0000006535a00000,0x0000006535b00000)]
  0x0000022ad60b22d0 JavaThread "JDWP Transport Listener: dt_socket" daemon [_thread_blocked, id=6196, stack(0x0000006535b00000,0x0000006535c00000)]
  0x0000022ad60b2d90 JavaThread "JDWP Event Helper Thread" daemon [_thread_blocked, id=10116, stack(0x0000006535c00000,0x0000006535d00000)]
  0x0000022ad60b3470 JavaThread "JDWP Command Reader" daemon [_thread_in_native, id=9560, stack(0x0000006535d00000,0x0000006535e00000)]
  0x0000022ad6132460 JavaThread "Notification Thread" daemon [_thread_blocked, id=7240, stack(0x0000006535f00000,0x0000006536000000)]

Other Threads:
  0x0000022ad593ec90 VMThread "VM Thread" [stack: 0x0000006535100000,0x0000006535200000] [id=7880]
  0x0000022ad60b1ef0 WatcherThread [stack: 0x0000006536000000,0x0000006536100000] [id=2716]
  0x0000022ab5eb0b50 GCTaskThread "GC Thread#0" [stack: 0x0000006534c00000,0x0000006534d00000] [id=7132]
  0x0000022ab5ec1ba0 ConcurrentGCThread "G1 Main Marker" [stack: 0x0000006534d00000,0x0000006534e00000] [id=1728]
  0x0000022ab5ec3f40 ConcurrentGCThread "G1 Conc#0" [stack: 0x0000006534e00000,0x0000006534f00000] [id=5352]
  0x0000022ab5f3db30 ConcurrentGCThread "G1 Refine#0" [stack: 0x0000006534f00000,0x0000006535000000] [id=7864]
  0x0000022ab5f3e730 ConcurrentGCThread "G1 Young RemSet Sampling" [stack: 0x0000006535000000,0x0000006535100000] [id=12068]

Threads with active compile tasks:

VM state: not at safepoint (normal execution)

VM Mutex/Monitor currently owned by a thread: None

Heap address: 0x0000000702800000, size: 4056 MB, Compressed Oops mode: Zero based, Oop shift amount: 3
CDS disabled.
Compressed class space mapped at: 0x0000000800000000-0x0000000840000000, size: 1073741824
Narrow klass base: 0x0000000800000000, Narrow klass shift: 0, Narrow klass range: 0x40000000

GC Precious Log:
 CPUs: 12 total, 12 available
 Memory: 16223M
 Large Page Support: Disabled
 NUMA Support: Disabled
 Compressed Oops: Enabled (Zero based)
 Heap Region Size: 2M
 Heap Min Capacity: 8M
 Heap Initial Capacity: 254M
 Heap Max Capacity: 4056M
 Pre-touch: Disabled
 Parallel Workers: 10
 Concurrent Workers: 3
 Concurrent Refinement Workers: 10
 Periodic GC: Disabled

Heap:
 garbage-first heap   total 260096K, used 6144K [0x0000000702800000, 0x0000000800000000)
  region size 2048K, 4 young (8192K), 0 survivors (0K)
 Metaspace       used 10266K, capacity 10424K, committed 10752K, reserved 1058816K
  class space    used 883K, capacity 919K, committed 1024K, reserved 1048576K

Heap Regions: E=young(eden), S=young(survivor), O=old, HS=humongous(starts), HC=humongous(continues), CS=collection set, F=free, OA=open archive, CA=closed archive, TAMS=top-at-mark-start (previous, next)
|   0|0x0000000702800000, 0x0000000702800000, 0x0000000702a00000|  0%| F|  |TAMS 0x0000000702800000, 0x0000000702800000| Untracked 
|   1|0x0000000702a00000, 0x0000000702a00000, 0x0000000702c00000|  0%| F|  |TAMS 0x0000000702a00000, 0x0000000702a00000| Untracked 
|   2|0x0000000702c00000, 0x0000000702c00000, 0x0000000702e00000|  0%| F|  |TAMS 0x0000000702c00000, 0x0000000702c00000| Untracked 
|   3|0x0000000702e00000, 0x0000000702e00000, 0x0000000703000000|  0%| F|  |TAMS 0x0000000702e00000, 0x0000000702e00000| Untracked 
|   4|0x0000000703000000, 0x0000000703000000, 0x0000000703200000|  0%| F|  |TAMS 0x0000000703000000, 0x0000000703000000| Untracked 
|   5|0x0000000703200000, 0x0000000703200000, 0x0000000703400000|  0%| F|  |TAMS 0x0000000703200000, 0x0000000703200000| Untracked 
|   6|0x0000000703400000, 0x0000000703400000, 0x0000000703600000|  0%| F|  |TAMS 0x0000000703400000, 0x0000000703400000| Untracked 
|   7|0x0000000703600000, 0x0000000703600000, 0x0000000703800000|  0%| F|  |TAMS 0x0000000703600000, 0x0000000703600000| Untracked 
|   8|0x0000000703800000, 0x0000000703800000, 0x0000000703a00000|  0%| F|  |TAMS 0x0000000703800000, 0x0000000703800000| Untracked 
|   9|0x0000000703a00000, 0x0000000703a00000, 0x0000000703c00000|  0%| F|  |TAMS 0x0000000703a00000, 0x0000000703a00000| Untracked 
|  10|0x0000000703c00000, 0x0000000703c00000, 0x0000000703e00000|  0%| F|  |TAMS 0x0000000703c00000, 0x0000000703c00000| Untracked 
|  11|0x0000000703e00000, 0x0000000703e00000, 0x0000000704000000|  0%| F|  |TAMS 0x0000000703e00000, 0x0000000703e00000| Untracked 
|  12|0x0000000704000000, 0x0000000704000000, 0x0000000704200000|  0%| F|  |TAMS 0x0000000704000000, 0x0000000704000000| Untracked 
|  13|0x0000000704200000, 0x0000000704200000, 0x0000000704400000|  0%| F|  |TAMS 0x0000000704200000, 0x0000000704200000| Untracked 
|  14|0x0000000704400000, 0x0000000704400000, 0x0000000704600000|  0%| F|  |TAMS 0x0000000704400000, 0x0000000704400000| Untracked 
|  15|0x0000000704600000, 0x0000000704600000, 0x0000000704800000|  0%| F|  |TAMS 0x0000000704600000, 0x0000000704600000| Untracked 
|  16|0x0000000704800000, 0x0000000704800000, 0x0000000704a00000|  0%| F|  |TAMS 0x0000000704800000, 0x0000000704800000| Untracked 
|  17|0x0000000704a00000, 0x0000000704a00000, 0x0000000704c00000|  0%| F|  |TAMS 0x0000000704a00000, 0x0000000704a00000| Untracked 
|  18|0x0000000704c00000, 0x0000000704c00000, 0x0000000704e00000|  0%| F|  |TAMS 0x0000000704c00000, 0x0000000704c00000| Untracked 
|  19|0x0000000704e00000, 0x0000000704e00000, 0x0000000705000000|  0%| F|  |TAMS 0x0000000704e00000, 0x0000000704e00000| Untracked 
|  20|0x0000000705000000, 0x0000000705000000, 0x0000000705200000|  0%| F|  |TAMS 0x0000000705000000, 0x0000000705000000| Untracked 
|  21|0x0000000705200000, 0x0000000705200000, 0x0000000705400000|  0%| F|  |TAMS 0x0000000705200000, 0x0000000705200000| Untracked 
|  22|0x0000000705400000, 0x0000000705400000, 0x0000000705600000|  0%| F|  |TAMS 0x0000000705400000, 0x0000000705400000| Untracked 
|  23|0x0000000705600000, 0x0000000705600000, 0x0000000705800000|  0%| F|  |TAMS 0x0000000705600000, 0x0000000705600000| Untracked 
|  24|0x0000000705800000, 0x0000000705800000, 0x0000000705a00000|  0%| F|  |TAMS 0x0000000705800000, 0x0000000705800000| Untracked 
|  25|0x0000000705a00000, 0x0000000705a00000, 0x0000000705c00000|  0%| F|  |TAMS 0x0000000705a00000, 0x0000000705a00000| Untracked 
|  26|0x0000000705c00000, 0x0000000705c00000, 0x0000000705e00000|  0%| F|  |TAMS 0x0000000705c00000, 0x0000000705c00000| Untracked 
|  27|0x0000000705e00000, 0x0000000705e00000, 0x0000000706000000|  0%| F|  |TAMS 0x0000000705e00000, 0x0000000705e00000| Untracked 
|  28|0x0000000706000000, 0x0000000706000000, 0x0000000706200000|  0%| F|  |TAMS 0x0000000706000000, 0x0000000706000000| Untracked 
|  29|0x0000000706200000, 0x0000000706200000, 0x0000000706400000|  0%| F|  |TAMS 0x0000000706200000, 0x0000000706200000| Untracked 
|  30|0x0000000706400000, 0x0000000706400000, 0x0000000706600000|  0%| F|  |TAMS 0x0000000706400000, 0x0000000706400000| Untracked 
|  31|0x0000000706600000, 0x0000000706600000, 0x0000000706800000|  0%| F|  |TAMS 0x0000000706600000, 0x0000000706600000| Untracked 
|  32|0x0000000706800000, 0x0000000706800000, 0x0000000706a00000|  0%| F|  |TAMS 0x0000000706800000, 0x0000000706800000| Untracked 
|  33|0x0000000706a00000, 0x0000000706a00000, 0x0000000706c00000|  0%| F|  |TAMS 0x0000000706a00000, 0x0000000706a00000| Untracked 
|  34|0x0000000706c00000, 0x0000000706c00000, 0x0000000706e00000|  0%| F|  |TAMS 0x0000000706c00000, 0x0000000706c00000| Untracked 
|  35|0x0000000706e00000, 0x0000000706e00000, 0x0000000707000000|  0%| F|  |TAMS 0x0000000706e00000, 0x0000000706e00000| Untracked 
|  36|0x0000000707000000, 0x0000000707000000, 0x0000000707200000|  0%| F|  |TAMS 0x0000000707000000, 0x0000000707000000| Untracked 
|  37|0x0000000707200000, 0x0000000707200000, 0x0000000707400000|  0%| F|  |TAMS 0x0000000707200000, 0x0000000707200000| Untracked 
|  38|0x0000000707400000, 0x0000000707400000, 0x0000000707600000|  0%| F|  |TAMS 0x0000000707400000, 0x0000000707400000| Untracked 
|  39|0x0000000707600000, 0x0000000707600000, 0x0000000707800000|  0%| F|  |TAMS 0x0000000707600000, 0x0000000707600000| Untracked 
|  40|0x0000000707800000, 0x0000000707800000, 0x0000000707a00000|  0%| F|  |TAMS 0x0000000707800000, 0x0000000707800000| Untracked 
|  41|0x0000000707a00000, 0x0000000707a00000, 0x0000000707c00000|  0%| F|  |TAMS 0x0000000707a00000, 0x0000000707a00000| Untracked 
|  42|0x0000000707c00000, 0x0000000707c00000, 0x0000000707e00000|  0%| F|  |TAMS 0x0000000707c00000, 0x0000000707c00000| Untracked 
|  43|0x0000000707e00000, 0x0000000707e00000, 0x0000000708000000|  0%| F|  |TAMS 0x0000000707e00000, 0x0000000707e00000| Untracked 
|  44|0x0000000708000000, 0x0000000708000000, 0x0000000708200000|  0%| F|  |TAMS 0x0000000708000000, 0x0000000708000000| Untracked 
|  45|0x0000000708200000, 0x0000000708200000, 0x0000000708400000|  0%| F|  |TAMS 0x0000000708200000, 0x0000000708200000| Untracked 
|  46|0x0000000708400000, 0x0000000708400000, 0x0000000708600000|  0%| F|  |TAMS 0x0000000708400000, 0x0000000708400000| Untracked 
|  47|0x0000000708600000, 0x0000000708600000, 0x0000000708800000|  0%| F|  |TAMS 0x0000000708600000, 0x0000000708600000| Untracked 
|  48|0x0000000708800000, 0x0000000708800000, 0x0000000708a00000|  0%| F|  |TAMS 0x0000000708800000, 0x0000000708800000| Untracked 
|  49|0x0000000708a00000, 0x0000000708a00000, 0x0000000708c00000|  0%| F|  |TAMS 0x0000000708a00000, 0x0000000708a00000| Untracked 
|  50|0x0000000708c00000, 0x0000000708c00000, 0x0000000708e00000|  0%| F|  |TAMS 0x0000000708c00000, 0x0000000708c00000| Untracked 
|  51|0x0000000708e00000, 0x0000000708e00000, 0x0000000709000000|  0%| F|  |TAMS 0x0000000708e00000, 0x0000000708e00000| Untracked 
|  52|0x0000000709000000, 0x0000000709000000, 0x0000000709200000|  0%| F|  |TAMS 0x0000000709000000, 0x0000000709000000| Untracked 
|  53|0x0000000709200000, 0x0000000709200000, 0x0000000709400000|  0%| F|  |TAMS 0x0000000709200000, 0x0000000709200000| Untracked 
|  54|0x0000000709400000, 0x0000000709400000, 0x0000000709600000|  0%| F|  |TAMS 0x0000000709400000, 0x0000000709400000| Untracked 
|  55|0x0000000709600000, 0x0000000709600000, 0x0000000709800000|  0%| F|  |TAMS 0x0000000709600000, 0x0000000709600000| Untracked 
|  56|0x0000000709800000, 0x0000000709800000, 0x0000000709a00000|  0%| F|  |TAMS 0x0000000709800000, 0x0000000709800000| Untracked 
|  57|0x0000000709a00000, 0x0000000709a00000, 0x0000000709c00000|  0%| F|  |TAMS 0x0000000709a00000, 0x0000000709a00000| Untracked 
|  58|0x0000000709c00000, 0x0000000709c00000, 0x0000000709e00000|  0%| F|  |TAMS 0x0000000709c00000, 0x0000000709c00000| Untracked 
|  59|0x0000000709e00000, 0x0000000709e00000, 0x000000070a000000|  0%| F|  |TAMS 0x0000000709e00000, 0x0000000709e00000| Untracked 
|  60|0x000000070a000000, 0x000000070a000000, 0x000000070a200000|  0%| F|  |TAMS 0x000000070a000000, 0x000000070a000000| Untracked 
|  61|0x000000070a200000, 0x000000070a200000, 0x000000070a400000|  0%| F|  |TAMS 0x000000070a200000, 0x000000070a200000| Untracked 
|  62|0x000000070a400000, 0x000000070a400000, 0x000000070a600000|  0%| F|  |TAMS 0x000000070a400000, 0x000000070a400000| Untracked 
|  63|0x000000070a600000, 0x000000070a600000, 0x000000070a800000|  0%| F|  |TAMS 0x000000070a600000, 0x000000070a600000| Untracked 
|  64|0x000000070a800000, 0x000000070a800000, 0x000000070aa00000|  0%| F|  |TAMS 0x000000070a800000, 0x000000070a800000| Untracked 
|  65|0x000000070aa00000, 0x000000070aa00000, 0x000000070ac00000|  0%| F|  |TAMS 0x000000070aa00000, 0x000000070aa00000| Untracked 
|  66|0x000000070ac00000, 0x000000070ac00000, 0x000000070ae00000|  0%| F|  |TAMS 0x000000070ac00000, 0x000000070ac00000| Untracked 
|  67|0x000000070ae00000, 0x000000070ae00000, 0x000000070b000000|  0%| F|  |TAMS 0x000000070ae00000, 0x000000070ae00000| Untracked 
|  68|0x000000070b000000, 0x000000070b000000, 0x000000070b200000|  0%| F|  |TAMS 0x000000070b000000, 0x000000070b000000| Untracked 
|  69|0x000000070b200000, 0x000000070b200000, 0x000000070b400000|  0%| F|  |TAMS 0x000000070b200000, 0x000000070b200000| Untracked 
|  70|0x000000070b400000, 0x000000070b400000, 0x000000070b600000|  0%| F|  |TAMS 0x000000070b400000, 0x000000070b400000| Untracked 
|  71|0x000000070b600000, 0x000000070b600000, 0x000000070b800000|  0%| F|  |TAMS 0x000000070b600000, 0x000000070b600000| Untracked 
|  72|0x000000070b800000, 0x000000070b800000, 0x000000070ba00000|  0%| F|  |TAMS 0x000000070b800000, 0x000000070b800000| Untracked 
|  73|0x000000070ba00000, 0x000000070ba00000, 0x000000070bc00000|  0%| F|  |TAMS 0x000000070ba00000, 0x000000070ba00000| Untracked 
|  74|0x000000070bc00000, 0x000000070bc00000, 0x000000070be00000|  0%| F|  |TAMS 0x000000070bc00000, 0x000000070bc00000| Untracked 
|  75|0x000000070be00000, 0x000000070be00000, 0x000000070c000000|  0%| F|  |TAMS 0x000000070be00000, 0x000000070be00000| Untracked 
|  76|0x000000070c000000, 0x000000070c000000, 0x000000070c200000|  0%| F|  |TAMS 0x000000070c000000, 0x000000070c000000| Untracked 
|  77|0x000000070c200000, 0x000000070c200000, 0x000000070c400000|  0%| F|  |TAMS 0x000000070c200000, 0x000000070c200000| Untracked 
|  78|0x000000070c400000, 0x000000070c400000, 0x000000070c600000|  0%| F|  |TAMS 0x000000070c400000, 0x000000070c400000| Untracked 
|  79|0x000000070c600000, 0x000000070c600000, 0x000000070c800000|  0%| F|  |TAMS 0x000000070c600000, 0x000000070c600000| Untracked 
|  80|0x000000070c800000, 0x000000070c800000, 0x000000070ca00000|  0%| F|  |TAMS 0x000000070c800000, 0x000000070c800000| Untracked 
|  81|0x000000070ca00000, 0x000000070ca00000, 0x000000070cc00000|  0%| F|  |TAMS 0x000000070ca00000, 0x000000070ca00000| Untracked 
|  82|0x000000070cc00000, 0x000000070cc00000, 0x000000070ce00000|  0%| F|  |TAMS 0x000000070cc00000, 0x000000070cc00000| Untracked 
|  83|0x000000070ce00000, 0x000000070ce00000, 0x000000070d000000|  0%| F|  |TAMS 0x000000070ce00000, 0x000000070ce00000| Untracked 
|  84|0x000000070d000000, 0x000000070d000000, 0x000000070d200000|  0%| F|  |TAMS 0x000000070d000000, 0x000000070d000000| Untracked 
|  85|0x000000070d200000, 0x000000070d200000, 0x000000070d400000|  0%| F|  |TAMS 0x000000070d200000, 0x000000070d200000| Untracked 
|  86|0x000000070d400000, 0x000000070d400000, 0x000000070d600000|  0%| F|  |TAMS 0x000000070d400000, 0x000000070d400000| Untracked 
|  87|0x000000070d600000, 0x000000070d600000, 0x000000070d800000|  0%| F|  |TAMS 0x000000070d600000, 0x000000070d600000| Untracked 
|  88|0x000000070d800000, 0x000000070d800000, 0x000000070da00000|  0%| F|  |TAMS 0x000000070d800000, 0x000000070d800000| Untracked 
|  89|0x000000070da00000, 0x000000070da00000, 0x000000070dc00000|  0%| F|  |TAMS 0x000000070da00000, 0x000000070da00000| Untracked 
|  90|0x000000070dc00000, 0x000000070dc00000, 0x000000070de00000|  0%| F|  |TAMS 0x000000070dc00000, 0x000000070dc00000| Untracked 
|  91|0x000000070de00000, 0x000000070de00000, 0x000000070e000000|  0%| F|  |TAMS 0x000000070de00000, 0x000000070de00000| Untracked 
|  92|0x000000070e000000, 0x000000070e000000, 0x000000070e200000|  0%| F|  |TAMS 0x000000070e000000, 0x000000070e000000| Untracked 
|  93|0x000000070e200000, 0x000000070e200000, 0x000000070e400000|  0%| F|  |TAMS 0x000000070e200000, 0x000000070e200000| Untracked 
|  94|0x000000070e400000, 0x000000070e400000, 0x000000070e600000|  0%| F|  |TAMS 0x000000070e400000, 0x000000070e400000| Untracked 
|  95|0x000000070e600000, 0x000000070e600000, 0x000000070e800000|  0%| F|  |TAMS 0x000000070e600000, 0x000000070e600000| Untracked 
|  96|0x000000070e800000, 0x000000070e800000, 0x000000070ea00000|  0%| F|  |TAMS 0x000000070e800000, 0x000000070e800000| Untracked 
|  97|0x000000070ea00000, 0x000000070ea00000, 0x000000070ec00000|  0%| F|  |TAMS 0x000000070ea00000, 0x000000070ea00000| Untracked 
|  98|0x000000070ec00000, 0x000000070ec00000, 0x000000070ee00000|  0%| F|  |TAMS 0x000000070ec00000, 0x000000070ec00000| Untracked 
|  99|0x000000070ee00000, 0x000000070ee00000, 0x000000070f000000|  0%| F|  |TAMS 0x000000070ee00000, 0x000000070ee00000| Untracked 
| 100|0x000000070f000000, 0x000000070f000000, 0x000000070f200000|  0%| F|  |TAMS 0x000000070f000000, 0x000000070f000000| Untracked 
| 101|0x000000070f200000, 0x000000070f200000, 0x000000070f400000|  0%| F|  |TAMS 0x000000070f200000, 0x000000070f200000| Untracked 
| 102|0x000000070f400000, 0x000000070f400000, 0x000000070f600000|  0%| F|  |TAMS 0x000000070f400000, 0x000000070f400000| Untracked 
| 103|0x000000070f600000, 0x000000070f600000, 0x000000070f800000|  0%| F|  |TAMS 0x000000070f600000, 0x000000070f600000| Untracked 
| 104|0x000000070f800000, 0x000000070f800000, 0x000000070fa00000|  0%| F|  |TAMS 0x000000070f800000, 0x000000070f800000| Untracked 
| 105|0x000000070fa00000, 0x000000070fa00000, 0x000000070fc00000|  0%| F|  |TAMS 0x000000070fa00000, 0x000000070fa00000| Untracked 
| 106|0x000000070fc00000, 0x000000070fc00000, 0x000000070fe00000|  0%| F|  |TAMS 0x000000070fc00000, 0x000000070fc00000| Untracked 
| 107|0x000000070fe00000, 0x000000070fe00000, 0x0000000710000000|  0%| F|  |TAMS 0x000000070fe00000, 0x000000070fe00000| Untracked 
| 108|0x0000000710000000, 0x0000000710000000, 0x0000000710200000|  0%| F|  |TAMS 0x0000000710000000, 0x0000000710000000| Untracked 
| 109|0x0000000710200000, 0x0000000710200000, 0x0000000710400000|  0%| F|  |TAMS 0x0000000710200000, 0x0000000710200000| Untracked 
| 110|0x0000000710400000, 0x0000000710400000, 0x0000000710600000|  0%| F|  |TAMS 0x0000000710400000, 0x0000000710400000| Untracked 
| 111|0x0000000710600000, 0x0000000710600000, 0x0000000710800000|  0%| F|  |TAMS 0x0000000710600000, 0x0000000710600000| Untracked 
| 112|0x0000000710800000, 0x0000000710800000, 0x0000000710a00000|  0%| F|  |TAMS 0x0000000710800000, 0x0000000710800000| Untracked 
| 113|0x0000000710a00000, 0x0000000710a00000, 0x0000000710c00000|  0%| F|  |TAMS 0x0000000710a00000, 0x0000000710a00000| Untracked 
| 114|0x0000000710c00000, 0x0000000710c00000, 0x0000000710e00000|  0%| F|  |TAMS 0x0000000710c00000, 0x0000000710c00000| Untracked 
| 115|0x0000000710e00000, 0x0000000710e00000, 0x0000000711000000|  0%| F|  |TAMS 0x0000000710e00000, 0x0000000710e00000| Untracked 
| 116|0x0000000711000000, 0x0000000711000000, 0x0000000711200000|  0%| F|  |TAMS 0x0000000711000000, 0x0000000711000000| Untracked 
| 117|0x0000000711200000, 0x0000000711200000, 0x0000000711400000|  0%| F|  |TAMS 0x0000000711200000, 0x0000000711200000| Untracked 
| 118|0x0000000711400000, 0x0000000711400000, 0x0000000711600000|  0%| F|  |TAMS 0x0000000711400000, 0x0000000711400000| Untracked 
| 119|0x0000000711600000, 0x0000000711600000, 0x0000000711800000|  0%| F|  |TAMS 0x0000000711600000, 0x0000000711600000| Untracked 
| 120|0x0000000711800000, 0x0000000711800000, 0x0000000711a00000|  0%| F|  |TAMS 0x0000000711800000, 0x0000000711800000| Untracked 
| 121|0x0000000711a00000, 0x0000000711a00000, 0x0000000711c00000|  0%| F|  |TAMS 0x0000000711a00000, 0x0000000711a00000| Untracked 
| 122|0x0000000711c00000, 0x0000000711c00000, 0x0000000711e00000|  0%| F|  |TAMS 0x0000000711c00000, 0x0000000711c00000| Untracked 
| 123|0x0000000711e00000, 0x0000000711f52bd0, 0x0000000712000000| 66%| E|  |TAMS 0x0000000711e00000, 0x0000000711e00000| Complete 
| 124|0x0000000712000000, 0x0000000712200000, 0x0000000712200000|100%| E|CS|TAMS 0x0000000712000000, 0x0000000712000000| Complete 
| 125|0x0000000712200000, 0x0000000712400000, 0x0000000712400000|100%| E|CS|TAMS 0x0000000712200000, 0x0000000712200000| Complete 
| 126|0x0000000712400000, 0x0000000712600000, 0x0000000712600000|100%| E|CS|TAMS 0x0000000712400000, 0x0000000712400000| Complete 

Card table byte_map: [0x0000022ac95c0000,0x0000022ac9db0000] _byte_map_base: 0x0000022ac5dac000

Marking Bits (Prev, Next): (CMBitMap*) 0x0000022ab5eb13c0, (CMBitMap*) 0x0000022ab5eb1400
 Prev Bits: [0x0000022aca5a0000, 0x0000022ace500000)
 Next Bits: [0x0000022ace500000, 0x0000022ad2460000)

Polling page: 0x0000022ab3c40000

Metaspace:

Usage:
  Non-class:      9.28 MB capacity,     9.16 MB ( 99%) used,   115.93 KB (  1%) free+waste,     6.25 KB ( <1%) overhead. 
      Class:    919.00 KB capacity,   883.62 KB ( 96%) used,    33.44 KB (  4%) free+waste,     1.94 KB ( <1%) overhead. 
       Both:     10.18 MB capacity,    10.03 MB ( 98%) used,   149.37 KB (  1%) free+waste,     8.19 KB ( <1%) overhead. 

Virtual space:
  Non-class space:       10.00 MB reserved,       9.50 MB ( 95%) committed 
      Class space:        1.00 GB reserved,       1.00 MB ( <1%) committed 
             Both:        1.01 GB reserved,      10.50 MB (  1%) committed 

Chunk freelists:
   Non-Class:  31.00 KB
       Class:  9.00 KB
        Both:  40.00 KB

MaxMetaspaceSize: 17179869184.00 GB
CompressedClassSpaceSize: 1.00 GB

CodeHeap 'non-profiled nmethods': size=120000Kb used=151Kb max_used=151Kb free=119848Kb
 bounds [0x0000022ac1350000, 0x0000022ac15c0000, 0x0000022ac8880000]
CodeHeap 'profiled nmethods': size=120000Kb used=652Kb max_used=652Kb free=119347Kb
 bounds [0x0000022ab9e20000, 0x0000022aba090000, 0x0000022ac1350000]
CodeHeap 'non-nmethods': size=5760Kb used=1236Kb max_used=1251Kb free=4523Kb
 bounds [0x0000022ab9880000, 0x0000022ab9af0000, 0x0000022ab9e20000]
 total_blobs=897 nmethods=495 adapters=315
 compilation: enabled
              stopped_count=0, restarted_count=0
 full_count=0

Compilation events (20 events):
Event: 171.034 Thread 0x0000022ad59da3a0  489       3       org.eclipse.jdt.launching.internal.org.objectweb.asm.ClassReader::readUTF8 (23 bytes)
Event: 171.036 Thread 0x0000022ad59da3a0 nmethod 489 0x0000022ab9ec1b90 code [0x0000022ab9ec1d40, 0x0000022ab9ec1f78]
Event: 206.971 Thread 0x0000022ad59da3a0  490       3       org.eclipse.jdt.launching.internal.org.objectweb.asm.SymbolTable::addConstantUtf8 (20 bytes)
Event: 206.972 Thread 0x0000022ad59da3a0 nmethod 490 0x0000022ab9ec2090 code [0x0000022ab9ec2260, 0x0000022ab9ec2508]
Event: 264.037 Thread 0x0000022ad5998fb0  491       4       java.lang.AbstractStringBuilder::ensureCapacityInternal (39 bytes)
Event: 264.040 Thread 0x0000022ad5998fb0 

Event: 410.208 Thread 0x0000022ad59da3a0  492       1       sun.instrument.TransformerManager::getSnapshotTransformerList (5 bytes)
Event: 410.208 Thread 0x0000022ad59da3a0 nmethod 492 0x0000022ac1375610 code [0x0000022ac13757a0, 0x0000022ac1375858]
Event: 443.168 Thread 0x0000022ad59da3a0  493       1       sun.instrument.TransformerManager$TransformerInfo::transformer (5 bytes)
Event: 443.168 Thread 0x0000022ad59da3a0 nmethod 493 0x0000022ac1375910 code [0x0000022ac1375aa0, 0x0000022ac1375b58]
Event: 728.107 Thread 0x0000022ad5998fb0  495       4       org.eclipse.jdt.launching.internal.org.objectweb.asm.ClassReader::getItem (7 bytes)
Event: 728.107 Thread 0x0000022ad59da3a0  494       3       org.eclipse.jdt.launching.internal.org.objectweb.asm.SymbolTable::addConstantUtf8Reference (20 bytes)
Event: 728.107 Thread 0x0000022ad59da3a0 nmethod 494 0x0000022ab9ec2690 code [0x0000022ab9ec2860, 0x0000022ab9ec2b28]
Event: 728.107 Thread 0x0000022ad59da3a0  496       3       org.eclipse.jdt.launching.internal.org.objectweb.asm.ByteVector::putShort (52 bytes)
Event: 728.108 Thread 0x0000022ad5998fb0 

Event: 728.109 Thread 0x0000022ad59da3a0 

Event: 807.872 Thread 0x0000022ad59da3a0  498       3       java.lang.Character::isWhitespace (9 bytes)
Event: 807.873 Thread 0x0000022ad59da3a0 nmethod 498 0x0000022ab9ec2d10 code [0x0000022ab9ec2ec0, 0x0000022ab9ec30b8]
Event: 807.873 Thread 0x0000022ad59da3a0  497       1       java.nio.Buffer::position (5 bytes)
Event: 807.873 Thread 0x0000022ad59da3a0 nmethod 497 0x0000022ac1375c10 code [0x0000022ac1375da0, 0x0000022ac1375e58]

GC Heap History (0 events):
No events

Deoptimization events (20 events):
Event: 0.212 Thread 0x0000022ab5e603e0 DEOPT PACKING pc=0x0000022ab9e91f6d sp=0x0000006534bfbcf0
Event: 0.212 Thread 0x0000022ab5e603e0 DEOPT UNPACKING pc=0x0000022ab98ce23f sp=0x0000006534bfb1b8 mode 0
Event: 0.213 Thread 0x0000022ab5e603e0 DEOPT PACKING pc=0x0000022ab9e91f6d sp=0x0000006534bf8190
Event: 0.213 Thread 0x0000022ab5e603e0 DEOPT UNPACKING pc=0x0000022ab98ce23f sp=0x0000006534bf7658 mode 0
Event: 0.214 Thread 0x0000022ab5e603e0 DEOPT PACKING pc=0x0000022ab9e91f6d sp=0x0000006534bfbc20
Event: 0.214 Thread 0x0000022ab5e603e0 DEOPT UNPACKING pc=0x0000022ab98ce23f sp=0x0000006534bfb0e8 mode 0
Event: 0.214 Thread 0x0000022ab5e603e0 Uncommon trap: trap_request=0xffffff45 fr.pc=0x0000022ac1358e68 relative=0x0000000000000248
Event: 0.214 Thread 0x0000022ab5e603e0 Uncommon trap: reason=unstable_if action=reinterpret pc=0x0000022ac1358e68 method=java.lang.String.isLatin1()Z @ 10 c2
Event: 0.214 Thread 0x0000022ab5e603e0 DEOPT PACKING pc=0x0000022ac1358e68 sp=0x0000006534bfccb0
Event: 0.214 Thread 0x0000022ab5e603e0 DEOPT UNPACKING pc=0x0000022ab98ce42f sp=0x0000006534bfcbe8 mode 2
Event: 0.215 Thread 0x0000022ab5e603e0 DEOPT PACKING pc=0x0000022ab9e91f6d sp=0x0000006534bfbcf0
Event: 0.215 Thread 0x0000022ab5e603e0 DEOPT UNPACKING pc=0x0000022ab98ce23f sp=0x0000006534bfb1b8 mode 0
Event: 0.242 Thread 0x0000022ab5e603e0 Uncommon trap: trap_request=0xffffff45 fr.pc=0x0000022ac13630c4 relative=0x0000000000000044
Event: 0.242 Thread 0x0000022ab5e603e0 Uncommon trap: reason=unstable_if action=reinterpret pc=0x0000022ac13630c4 method=java.lang.CharacterData.of(I)Ljava/lang/CharacterData; @ 4 c2
Event: 0.242 Thread 0x0000022ab5e603e0 DEOPT PACKING pc=0x0000022ac13630c4 sp=0x0000006534bfead0
Event: 0.242 Thread 0x0000022ab5e603e0 DEOPT UNPACKING pc=0x0000022ab98ce42f sp=0x0000006534bfea70 mode 2
Event: 0.245 Thread 0x0000022ab5e603e0 Uncommon trap: trap_request=0xffffff45 fr.pc=0x0000022ac137337c relative=0x00000000000001dc
Event: 0.245 Thread 0x0000022ab5e603e0 Uncommon trap: reason=unstable_if action=reinterpret pc=0x0000022ac137337c method=java.lang.String.indexOf(II)I @ 4 c2
Event: 0.245 Thread 0x0000022ab5e603e0 DEOPT PACKING pc=0x0000022ac137337c sp=0x0000006534bff510
Event: 0.245 Thread 0x0000022ab5e603e0 DEOPT UNPACKING pc=0x0000022ab98ce42f sp=0x0000006534bff460 mode 2

Classes unloaded (0 events):
No events

Classes redefined (10 events):
Event: 149.514 Thread 0x0000022ad593ec90 redefined class name=Codes.MainDrive, count=1
Event: 171.035 Thread 0x0000022ad593ec90 redefined class name=Codes.MainDrive, count=2
Event: 206.972 Thread 0x0000022ad593ec90 redefined class name=Codes.MainDrive, count=3
Event: 264.037 Thread 0x0000022ad593ec90 redefined class name=Codes.MainDrive, count=4
Event: 410.208 Thread 0x0000022ad593ec90 redefined class name=Codes.MainDrive, count=5
Event: 443.168 Thread 0x0000022ad593ec90 redefined class name=Codes.MainDrive, count=6
Event: 523.780 Thread 0x0000022ad593ec90 redefined class name=Codes.MainDrive, count=7
Event: 666.233 Thread 0x0000022ad593ec90 redefined class name=Codes.MainDrive, count=8
Event: 703.013 Thread 0x0000022ad593ec90 redefined class name=Codes.MainDrive, count=9
Event: 728.107 Thread 0x0000022ad593ec90 redefined class name=Codes.MainDrive, count=10

Internal exceptions (3 events):
Event: 0.134 Thread 0x0000022ab5e603e0 Exception <a 'java/lang/NoSuchMethodError'{0x0000000712244d30}: 'void java.lang.invoke.DirectMethodHandle$Holder.invokeStatic(java.lang.Object, java.lang.Object)'> (0x0000000712244d30) 
thrown [./open/src/hotspot/share/interpreter/linkResolver.cpp, line 782]
Event: 0.134 Thread 0x0000022ab5e603e0 Exception <a 'java/lang/NoSuchMethodError'{0x00000007122489d8}: 'void java.lang.invoke.DirectMethodHandle$Holder.invokeStaticInit(java.lang.Object, java.lang.Object)'> (0x00000007122489d8) 
thrown [./open/src/hotspot/share/interpreter/linkResolver.cpp, line 782]
Event: 0.195 Thread 0x0000022ab5e603e0 Exception <a 'java/lang/NoSuchMethodError'{0x0000000712029ed8}: 'java.lang.Object java.lang.invoke.DirectMethodHandle$Holder.invokeStatic(java.lang.Object)'> (0x0000000712029ed8) 
thrown [./open/src/hotspot/share/interpreter/linkResolver.cpp, line 782]

Events (20 events):
Event: 443.172 Executing VM operation: ChangeBreakpoints
Event: 443.172 Executing VM operation: ChangeBreakpoints done
Event: 523.779 Executing VM operation: RedefineClasses
Event: 523.781 Executing VM operation: RedefineClasses done
Event: 523.783 Executing VM operation: ChangeBreakpoints
Event: 523.783 Executing VM operation: ChangeBreakpoints done
Event: 523.783 Executing VM operation: ChangeBreakpoints
Event: 523.783 Executing VM operation: ChangeBreakpoints done
Event: 570.100 Executing VM operation: ChangeBreakpoints
Event: 570.100 Executing VM operation: ChangeBreakpoints done
Event: 570.100 Executing VM operation: ChangeBreakpoints
Event: 570.100 Executing VM operation: ChangeBreakpoints done
Event: 666.233 Executing VM operation: RedefineClasses
Event: 666.234 Executing VM operation: RedefineClasses done
Event: 703.012 Executing VM operation: RedefineClasses
Event: 703.014 Executing VM operation: RedefineClasses done
Event: 728.107 Executing VM operation: RedefineClasses
Event: 728.108 Executing VM operation: RedefineClasses done
Event: 807.872 loading class java/util/regex/Pattern$1
Event: 807.873 loading class java/util/regex/Pattern$1 done


Dynamic libraries:
0x00007ff66e940000 - 0x00007ff66e94d000 	C:\Users\NePPPlus_008\.p2\pool\plugins\org.eclipse.justj.openjdk.hotspot.jre.full.win32.x86_64_15.0.2.v20210201-0955\jre\bin\javaw.exe
0x00007ff9f2750000 - 0x00007ff9f2945000 	C:\Windows\SYSTEM32\ntdll.dll
0x00007ff9f0b50000 - 0x00007ff9f0c0d000 	C:\Windows\System32\KERNEL32.DLL
0x00007ff9f04f0000 - 0x00007ff9f07b8000 	C:\Windows\System32\KERNELBASE.dll
0x00007ff9f0230000 - 0x00007ff9f0330000 	C:\Windows\System32\ucrtbase.dll
0x00007ff9e7c20000 - 0x00007ff9e7c38000 	C:\Users\NePPPlus_008\.p2\pool\plugins\org.eclipse.justj.openjdk.hotspot.jre.full.win32.x86_64_15.0.2.v20210201-0955\jre\bin\jli.dll
0x00007ff9e7d30000 - 0x00007ff9e7d49000 	C:\Users\NePPPlus_008\.p2\pool\plugins\org.eclipse.justj.openjdk.hotspot.jre.full.win32.x86_64_15.0.2.v20210201-0955\jre\bin\VCRUNTIME140.dll
0x00007ff9f0850000 - 0x00007ff9f09f0000 	C:\Windows\System32\USER32.dll
0x00007ff9f0200000 - 0x00007ff9f0222000 	C:\Windows\System32\win32u.dll
0x00007ff9d15b0000 - 0x00007ff9d184a000 	C:\Windows\WinSxS\amd64_microsoft.windows.common-controls_6595b64144ccf1df_6.0.19041.1052_none_60b8f8fd71f5e8cb\COMCTL32.dll
0x00007ff9f1650000 - 0x00007ff9f167a000 	C:\Windows\System32\GDI32.dll
0x00007ff9f1970000 - 0x00007ff9f1a0e000 	C:\Windows\System32\msvcrt.dll
0x00007ff9eff90000 - 0x00007ff9f009b000 	C:\Windows\System32\gdi32full.dll
0x00007ff9efef0000 - 0x00007ff9eff8d000 	C:\Windows\System32\msvcp_win.dll
0x00007ff9f1da0000 - 0x00007ff9f1dd0000 	C:\Windows\System32\IMM32.DLL
0x00007ff9ed700000 - 0x00007ff9ed70c000 	C:\Users\NePPPlus_008\.p2\pool\plugins\org.eclipse.justj.openjdk.hotspot.jre.full.win32.x86_64_15.0.2.v20210201-0955\jre\bin\vcruntime140_1.dll
0x00007ff9d0820000 - 0x00007ff9d08b1000 	C:\Users\NePPPlus_008\.p2\pool\plugins\org.eclipse.justj.openjdk.hotspot.jre.full.win32.x86_64_15.0.2.v20210201-0955\jre\bin\msvcp140.dll
0x00007ff9ae5b0000 - 0x00007ff9af10e000 	C:\Users\NePPPlus_008\.p2\pool\plugins\org.eclipse.justj.openjdk.hotspot.jre.full.win32.x86_64_15.0.2.v20210201-0955\jre\bin\server\jvm.dll
0x00007ff9f09f0000 - 0x00007ff9f0a9c000 	C:\Windows\System32\ADVAPI32.dll
0x00007ff9f10a0000 - 0x00007ff9f113b000 	C:\Windows\System32\sechost.dll
0x00007ff9f1b30000 - 0x00007ff9f1c5b000 	C:\Windows\System32\RPCRT4.dll
0x00007ff9f1640000 - 0x00007ff9f1648000 	C:\Windows\System32\PSAPI.DLL
0x00007ff9ed710000 - 0x00007ff9ed719000 	C:\Windows\SYSTEM32\WSOCK32.dll
0x00007ff9dedb0000 - 0x00007ff9dedd7000 	C:\Windows\SYSTEM32\WINMM.dll
0x00007ff9eaa90000 - 0x00007ff9eaa9a000 	C:\Windows\SYSTEM32\VERSION.dll
0x00007ff9f1680000 - 0x00007ff9f16eb000 	C:\Windows\System32\WS2_32.dll
0x00007ff9edd20000 - 0x00007ff9edd32000 	C:\Windows\SYSTEM32\kernel.appcore.dll
0x00007ff9eba90000 - 0x00007ff9eba9a000 	C:\Users\NePPPlus_008\.p2\pool\plugins\org.eclipse.justj.openjdk.hotspot.jre.full.win32.x86_64_15.0.2.v20210201-0955\jre\bin\jimage.dll
0x00007ff9db270000 - 0x00007ff9db454000 	C:\Windows\SYSTEM32\DBGHELP.DLL
0x00007ff9db240000 - 0x00007ff9db26c000 	C:\Windows\SYSTEM32\dbgcore.DLL
0x00007ff9f03e0000 - 0x00007ff9f0463000 	C:\Windows\System32\bcryptPrimitives.dll
0x00007ff9e53b0000 - 0x00007ff9e53e9000 	C:\Users\NePPPlus_008\.p2\pool\plugins\org.eclipse.justj.openjdk.hotspot.jre.full.win32.x86_64_15.0.2.v20210201-0955\jre\bin\jdwp.dll
0x00007ff9ea060000 - 0x00007ff9ea06e000 	C:\Users\NePPPlus_008\.p2\pool\plugins\org.eclipse.justj.openjdk.hotspot.jre.full.win32.x86_64_15.0.2.v20210201-0955\jre\bin\instrument.dll
0x00007ff9e7d00000 - 0x00007ff9e7d25000 	C:\Users\NePPPlus_008\.p2\pool\plugins\org.eclipse.justj.openjdk.hotspot.jre.full.win32.x86_64_15.0.2.v20210201-0955\jre\bin\java.dll
0x00007ff9d23d0000 - 0x00007ff9d23e8000 	C:\Users\NePPPlus_008\.p2\pool\plugins\org.eclipse.justj.openjdk.hotspot.jre.full.win32.x86_64_15.0.2.v20210201-0955\jre\bin\zip.dll
0x00007ff9f1dd0000 - 0x00007ff9f250f000 	C:\Windows\System32\SHELL32.dll
0x00007ff9ee000000 - 0x00007ff9ee790000 	C:\Windows\SYSTEM32\windows.storage.dll
0x00007ff9f0d40000 - 0x00007ff9f1095000 	C:\Windows\System32\combase.dll
0x00007ff9ef900000 - 0x00007ff9ef92c000 	C:\Windows\SYSTEM32\Wldp.dll
0x00007ff9f0aa0000 - 0x00007ff9f0b4e000 	C:\Windows\System32\SHCORE.dll
0x00007ff9f1d40000 - 0x00007ff9f1d95000 	C:\Windows\System32\shlwapi.dll
0x00007ff9efdd0000 - 0x00007ff9efdef000 	C:\Windows\SYSTEM32\profapi.dll
0x00007ff9e6150000 - 0x00007ff9e615b000 	C:\Users\NePPPlus_008\.p2\pool\plugins\org.eclipse.justj.openjdk.hotspot.jre.full.win32.x86_64_15.0.2.v20210201-0955\jre\bin\dt_socket.dll
0x00007ff9ef290000 - 0x00007ff9ef2cb000 	C:\Windows\SYSTEM32\IPHLPAPI.DLL
0x00007ff9ef600000 - 0x00007ff9ef66a000 	C:\Windows\system32\mswsock.dll
0x00007ff9ef2d0000 - 0x00007ff9ef39c000 	C:\Windows\SYSTEM32\DNSAPI.dll
0x00007ff9f1960000 - 0x00007ff9f1968000 	C:\Windows\System32\NSI.dll
0x00007ff9e7fb0000 - 0x00007ff9e7fba000 	C:\Windows\System32\rasadhlp.dll
0x00007ff9e7d90000 - 0x00007ff9e7e0f000 	C:\Windows\System32\fwpuclnt.dll
0x00007ff9f0470000 - 0x00007ff9f0497000 	C:\Windows\System32\bcrypt.dll
0x00007ff9d08e0000 - 0x00007ff9d08f9000 	C:\Users\NePPPlus_008\.p2\pool\plugins\org.eclipse.justj.openjdk.hotspot.jre.full.win32.x86_64_15.0.2.v20210201-0955\jre\bin\net.dll
0x00007ff9e9e60000 - 0x00007ff9e9f6b000 	C:\Windows\SYSTEM32\WINHTTP.dll
0x00007ff9d08c0000 - 0x00007ff9d08d2000 	C:\Users\NePPPlus_008\.p2\pool\plugins\org.eclipse.justj.openjdk.hotspot.jre.full.win32.x86_64_15.0.2.v20210201-0955\jre\bin\nio.dll
0x00007ff9de7d0000 - 0x00007ff9de7e0000 	C:\Users\NePPPlus_008\.p2\pool\plugins\org.eclipse.justj.openjdk.hotspot.jre.full.win32.x86_64_15.0.2.v20210201-0955\jre\bin\verify.dll

dbghelp: loaded successfully - version: 4.0.5 - missing functions: none
symbol engine: initialized successfully - sym options: 0x614 - pdb path: .;C:\Users\NePPPlus_008\.p2\pool\plugins\org.eclipse.justj.openjdk.hotspot.jre.full.win32.x86_64_15.0.2.v20210201-0955\jre\bin;C:\Windows\SYSTEM32;C:\Windows\WinSxS\amd64_microsoft.windows.common-controls_6595b64144ccf1df_6.0.19041.1052_none_60b8f8fd71f5e8cb;C:\Users\NePPPlus_008\.p2\pool\plugins\org.eclipse.justj.openjdk.hotspot.jre.full.win32.x86_64_15.0.2.v20210201-0955\jre\bin\server

VM Arguments:
jvm_args: -XX:+ShowCodeDetailsInExceptionMessages -agentlib:jdwp=transport=dt_socket,suspend=y,address=localhost:51736 -javaagent:C:\Users\NePPPlus_008\eclipse\java-2021-03\eclipse\configuration\org.eclipse.osgi\222\0\.cp\lib\javaagent-shaded.jar -Dfile.encoding=UTF-8 
java_command: Codes.MainDrive
java_class_path (initial): C:\github\20210705_03_Array02\bin
Launcher Type: SUN_STANDARD

[Global flags]
     intx CICompilerCount                          = 4                                         {product} {ergonomic}
     uint ConcGCThreads                            = 3                                         {product} {ergonomic}
     uint G1ConcRefinementThreads                  = 10                                        {product} {ergonomic}
   size_t G1HeapRegionSize                         = 2097152                                   {product} {ergonomic}
    uintx GCDrainStackTargetSize                   = 64                                        {product} {ergonomic}
   size_t InitialHeapSize                          = 266338304                                 {product} {ergonomic}
   size_t MarkStackSize                            = 4194304                                   {product} {ergonomic}
   size_t MaxHeapSize                              = 4253024256                                {product} {ergonomic}
   size_t MaxNewSize                               = 2550136832                                {product} {ergonomic}
   size_t MinHeapDeltaBytes                        = 2097152                                   {product} {ergonomic}
   size_t MinHeapSize                              = 8388608                                   {product} {ergonomic}
    uintx NonNMethodCodeHeapSize                   = 5839372                                {pd product} {ergonomic}
    uintx NonProfiledCodeHeapSize                  = 122909434                              {pd product} {ergonomic}
    uintx ProfiledCodeHeapSize                     = 122909434                              {pd product} {ergonomic}
    uintx ReservedCodeCacheSize                    = 251658240                              {pd product} {ergonomic}
     bool SegmentedCodeCache                       = true                                      {product} {ergonomic}
     bool ShowCodeDetailsInExceptionMessages       = true                                   {manageable} {command line}
   size_t SoftMaxHeapSize                          = 4253024256                             {manageable} {ergonomic}
     bool UseCompressedClassPointers               = true                                 {lp64_product} {ergonomic}
     bool UseCompressedOops                        = true                                 {lp64_product} {ergonomic}
     bool UseG1GC                                  = true                                      {product} {ergonomic}
     bool UseLargePagesIndividualAllocation        = false                                  {pd product} {ergonomic}

Logging:
Log output configuration:
 #0: stdout all=warning uptime,level,tags
 #1: stderr all=off uptime,level,tags

Environment Variables:
PATH=C:\Users\NePPPlus_008\.p2\pool\plugins\org.eclipse.justj.openjdk.hotspot.jre.full.win32.x86_64_15.0.2.v20210201-0955\jre\bin;C:/Users/NePPPlus_008/.p2/pool/plugins/org.eclipse.justj.openjdk.hotspot.jre.full.win32.x86_64_15.0.2.v20210201-0955/jre/bin/server;C:/Users/NePPPlus_008/.p2/pool/plugins/org.eclipse.justj.openjdk.hotspot.jre.full.win32.x86_64_15.0.2.v20210201-0955/jre/bin;C:\Windows\system32;C:\Windows;C:\Windows\System32\Wbem;C:\Windows\System32\WindowsPowerShell\v1.0\;C:\Windows\System32\OpenSSH\;C:\Program Files\Git\cmd;C:\Program Files\PuTTY\;C:\Users\NePPPlus_008\AppData\Local\Microsoft\WindowsApps;;C:\Users\NePPPlus_008\Desktop;
USERNAME=NePPPlus_008
OS=Windows_NT
PROCESSOR_IDENTIFIER=Intel64 Family 6 Model 165 Stepping 5, GenuineIntel



---------------  S Y S T E M  ---------------

OS:
 Windows 10 , 64 bit Build 19041 (10.0.19041.1023)
OS uptime: 17 days 2:26 hours

CPU: total 12 (initial active 12) (6 cores per cpu, 2 threads per core) family 6 model 165 stepping 5 microcode 0xc8, cmov, cx8, fxsr, mmx, sse, sse2, sse3, ssse3, sse4.1, sse4.2, popcnt, vzeroupper, avx, avx2, aes, clmul, erms, 3dnowpref, lzcnt, ht, tsc, tscinvbit, bmi1, bmi2, adx, fma, clflush, clflushopt

Memory: 4k page, system-wide physical 16223M (10341M free)
TotalPageFile size 18655M (AvailPageFile size 10925M)
current process WorkingSet (physical memory assigned to process): 49M, peak: 50M
current process commit charge ("private bytes"): 347M, peak: 349M

vm_info: OpenJDK 64-Bit Server VM (15.0.2+7-27) for windows-amd64 JRE (15.0.2+7-27), built on Dec  7 2020 20:02:38 by "mach5one" with unknown MS VC++:1925

END.
